<?xml version="1.0" encoding="UTF-8"?>
<coverage generated="1773347226775" clover="3.2.0">
  <project timestamp="1773347226775" name="All files">
    <metrics statements="34" coveredstatements="34" conditionals="25" coveredconditionals="25" methods="10" coveredmethods="10" elements="69" coveredelements="69" complexity="0" loc="34" ncloc="34" packages="1" files="2" classes="2"/>
    <file name="events.js" path="C:\Users\Chairman\Downloads\CampusEventCLItool\src\events.js">
      <metrics statements="27" coveredstatements="27" conditionals="25" coveredconditionals="25" methods="8" coveredmethods="8"/>
      <line num="1" count="1" type="stmt"/>
      <line num="4" count="19" type="cond" truecount="2" falsecount="0"/>
      <line num="5" count="17" type="stmt"/>
      <line num="6" count="17" type="cond" truecount="3" falsecount="0"/>
      <line num="10" count="17" type="cond" truecount="4" falsecount="0"/>
      <line num="11" count="16" type="cond" truecount="4" falsecount="0"/>
      <line num="12" count="15" type="cond" truecount="2" falsecount="0"/>
      <line num="14" count="14" type="stmt"/>
      <line num="15" count="14" type="stmt"/>
      <line num="16" count="14" type="cond" truecount="2" falsecount="0"/>
      <line num="18" count="13" type="stmt"/>
      <line num="27" count="13" type="stmt"/>
      <line num="28" count="13" type="stmt"/>
      <line num="29" count="13" type="stmt"/>
      <line num="33" count="5" type="stmt"/>
      <line num="34" count="5" type="stmt"/>
      <line num="35" count="5" type="stmt"/>
      <line num="36" count="6" type="stmt"/>
      <line num="37" count="4" type="stmt"/>
      <line num="41" count="5" type="cond" truecount="4" falsecount="0"/>
      <line num="42" count="4" type="stmt"/>
      <line num="43" count="4" type="stmt"/>
      <line num="44" count="4" type="cond" truecount="2" falsecount="0"/>
      <line num="45" count="3" type="stmt"/>
      <line num="46" count="3" type="stmt"/>
      <line num="47" count="3" type="stmt"/>
      <line num="50" count="1" type="stmt"/>
    </file>
    <file name="storage.js" path="C:\Users\Chairman\Downloads\CampusEventCLItool\src\storage.js">
      <metrics statements="7" coveredstatements="7" conditionals="0" coveredconditionals="0" methods="2" coveredmethods="2"/>
      <line num="1" count="1" type="stmt"/>
      <line num="4" count="23" type="stmt"/>
      <line num="5" count="23" type="stmt"/>
      <line num="6" count="12" type="stmt"/>
      <line num="8" count="11" type="stmt"/>
      <line num="13" count="16" type="stmt"/>
      <line num="16" count="1" type="stmt"/>
    </file>
  </project>
</coverage>
