{"C:\\Users\\Chairman\\Downloads\\CampusEventCLItool\\src\\events.js": {"path":"C:\\Users\\Chairman\\Downloads\\CampusEventCLItool\\src\\events.js","statementMap":{"0":{"start":{"line":1,"column":36},"end":{"line":1,"column":56}},"1":{"start":{"line":4,"column":2},"end":{"line":4,"column":57}},"2":{"start":{"line":4,"column":44},"end":{"line":4,"column":57}},"3":{"start":{"line":5,"column":12},"end":{"line":5,"column":29}},"4":{"start":{"line":6,"column":2},"end":{"line":6,"column":79}},"5":{"start":{"line":10,"column":2},"end":{"line":10,"column":72}},"6":{"start":{"line":10,"column":29},"end":{"line":10,"column":72}},"7":{"start":{"line":11,"column":2},"end":{"line":11,"column":84}},"8":{"start":{"line":11,"column":37},"end":{"line":11,"column":84}},"9":{"start":{"line":12,"column":2},"end":{"line":12,"column":92}},"10":{"start":{"line":12,"column":26},"end":{"line":12,"column":92}},"11":{"start":{"line":14,"column":17},"end":{"line":14,"column":37}},"12":{"start":{"line":15,"column":20},"end":{"line":15,"column":88}},"13":{"start":{"line":15,"column":37},"end":{"line":15,"column":87}},"14":{"start":{"line":16,"column":2},"end":{"line":16,"column":77}},"15":{"start":{"line":16,"column":17},"end":{"line":16,"column":77}},"16":{"start":{"line":18,"column":19},"end":{"line":25,"column":3}},"17":{"start":{"line":27,"column":2},"end":{"line":27,"column":24}},"18":{"start":{"line":28,"column":2},"end":{"line":28,"column":32}},"19":{"start":{"line":29,"column":2},"end":{"line":29,"column":18}},"20":{"start":{"line":33,"column":17},"end":{"line":33,"column":37}},"21":{"start":{"line":34,"column":16},"end":{"line":34,"column":54}},"22":{"start":{"line":35,"column":2},"end":{"line":37,"column":50}},"23":{"start":{"line":36,"column":17},"end":{"line":36,"column":32}},"24":{"start":{"line":37,"column":20},"end":{"line":37,"column":48}},"25":{"start":{"line":41,"column":2},"end":{"line":41,"column":82}},"26":{"start":{"line":41,"column":29},"end":{"line":41,"column":82}},"27":{"start":{"line":42,"column":17},"end":{"line":42,"column":37}},"28":{"start":{"line":43,"column":16},"end":{"line":43,"column":89}},"29":{"start":{"line":43,"column":38},"end":{"line":43,"column":88}},"30":{"start":{"line":44,"column":2},"end":{"line":44,"column":33}},"31":{"start":{"line":44,"column":20},"end":{"line":44,"column":33}},"32":{"start":{"line":45,"column":2},"end":{"line":45,"column":26}},"33":{"start":{"line":46,"column":2},"end":{"line":46,"column":32}},"34":{"start":{"line":47,"column":2},"end":{"line":47,"column":14}},"35":{"start":{"line":50,"column":0},"end":{"line":50,"column":68}}},"fnMap":{"0":{"name":"isValidDate","decl":{"start":{"line":3,"column":9},"end":{"line":3,"column":20}},"loc":{"start":{"line":3,"column":30},"end":{"line":7,"column":1}},"line":3},"1":{"name":"addEvent","decl":{"start":{"line":9,"column":9},"end":{"line":9,"column":17}},"loc":{"start":{"line":9,"column":67},"end":{"line":30,"column":1}},"line":9},"2":{"name":"(anonymous_2)","decl":{"start":{"line":15,"column":32},"end":{"line":15,"column":33}},"loc":{"start":{"line":15,"column":37},"end":{"line":15,"column":87}},"line":15},"3":{"name":"listEvents","decl":{"start":{"line":32,"column":9},"end":{"line":32,"column":19}},"loc":{"start":{"line":32,"column":30},"end":{"line":38,"column":1}},"line":32},"4":{"name":"(anonymous_4)","decl":{"start":{"line":36,"column":12},"end":{"line":36,"column":13}},"loc":{"start":{"line":36,"column":17},"end":{"line":36,"column":32}},"line":36},"5":{"name":"(anonymous_5)","decl":{"start":{"line":37,"column":10},"end":{"line":37,"column":11}},"loc":{"start":{"line":37,"column":20},"end":{"line":37,"column":48}},"line":37},"6":{"name":"deleteEvent","decl":{"start":{"line":40,"column":9},"end":{"line":40,"column":20}},"loc":{"start":{"line":40,"column":37},"end":{"line":48,"column":1}},"line":40},"7":{"name":"(anonymous_7)","decl":{"start":{"line":43,"column":33},"end":{"line":43,"column":34}},"loc":{"start":{"line":43,"column":38},"end":{"line":43,"column":88}},"line":43}},"branchMap":{"0":{"loc":{"start":{"line":4,"column":2},"end":{"line":4,"column":57}},"type":"if","locations":[{"start":{"line":4,"column":2},"end":{"line":4,"column":57}},{"start":{},"end":{}}],"line":4},"1":{"loc":{"start":{"line":6,"column":9},"end":{"line":6,"column":78}},"type":"binary-expr","locations":[{"start":{"line":6,"column":9},"end":{"line":6,"column":26}},{"start":{"line":6,"column":30},"end":{"line":6,"column":39}},{"start":{"line":6,"column":43},"end":{"line":6,"column":78}}],"line":6},"2":{"loc":{"start":{"line":10,"column":2},"end":{"line":10,"column":72}},"type":"if","locations":[{"start":{"line":10,"column":2},"end":{"line":10,"column":72}},{"start":{},"end":{}}],"line":10},"3":{"loc":{"start":{"line":10,"column":6},"end":{"line":10,"column":27}},"type":"binary-expr","locations":[{"start":{"line":10,"column":6},"end":{"line":10,"column":11}},{"start":{"line":10,"column":15},"end":{"line":10,"column":27}}],"line":10},"4":{"loc":{"start":{"line":11,"column":2},"end":{"line":11,"column":84}},"type":"if","locations":[{"start":{"line":11,"column":2},"end":{"line":11,"column":84}},{"start":{},"end":{}}],"line":11},"5":{"loc":{"start":{"line":11,"column":6},"end":{"line":11,"column":35}},"type":"binary-expr","locations":[{"start":{"line":11,"column":6},"end":{"line":11,"column":15}},{"start":{"line":11,"column":19},"end":{"line":11,"column":35}}],"line":11},"6":{"loc":{"start":{"line":12,"column":2},"end":{"line":12,"column":92}},"type":"if","locations":[{"start":{"line":12,"column":2},"end":{"line":12,"column":92}},{"start":{},"end":{}}],"line":12},"7":{"loc":{"start":{"line":16,"column":2},"end":{"line":16,"column":77}},"type":"if","locations":[{"start":{"line":16,"column":2},"end":{"line":16,"column":77}},{"start":{},"end":{}}],"line":16},"8":{"loc":{"start":{"line":23,"column":17},"end":{"line":23,"column":54}},"type":"cond-expr","locations":[{"start":{"line":23,"column":31},"end":{"line":23,"column":49}},{"start":{"line":23,"column":52},"end":{"line":23,"column":54}}],"line":23},"9":{"loc":{"start":{"line":41,"column":2},"end":{"line":41,"column":82}},"type":"if","locations":[{"start":{"line":41,"column":2},"end":{"line":41,"column":82}},{"start":{},"end":{}}],"line":41},"10":{"loc":{"start":{"line":41,"column":6},"end":{"line":41,"column":27}},"type":"binary-expr","locations":[{"start":{"line":41,"column":6},"end":{"line":41,"column":11}},{"start":{"line":41,"column":15},"end":{"line":41,"column":27}}],"line":41},"11":{"loc":{"start":{"line":44,"column":2},"end":{"line":44,"column":33}},"type":"if","locations":[{"start":{"line":44,"column":2},"end":{"line":44,"column":33}},{"start":{},"end":{}}],"line":44}},"s":{"0":1,"1":19,"2":2,"3":17,"4":17,"5":17,"6":1,"7":16,"8":1,"9":15,"10":1,"11":14,"12":14,"13":6,"14":14,"15":1,"16":13,"17":13,"18":13,"19":13,"20":5,"21":5,"22":5,"23":6,"24":4,"25":5,"26":1,"27":4,"28":4,"29":4,"30":4,"31":1,"32":3,"33":3,"34":3,"35":1},"f":{"0":19,"1":17,"2":6,"3":5,"4":6,"5":4,"6":5,"7":4},"b":{"0":[2,17],"1":[17,17,15],"2":[1,16],"3":[17,16],"4":[1,15],"5":[16,15],"6":[1,14],"7":[1,13],"8":[1,12],"9":[1,4],"10":[5,4],"11":[1,3]},"_coverageSchema":"1a1c01bbd47fc00a2c39e90264f33305004495a9","hash":"740f33f88f80b53a8f1c0fd7484fe02ddb74a87e"}
,"C:\\Users\\Chairman\\Downloads\\CampusEventCLItool\\src\\storage.js": {"path":"C:\\Users\\Chairman\\Downloads\\CampusEventCLItool\\src\\storage.js","statementMap":{"0":{"start":{"line":1,"column":11},"end":{"line":1,"column":24}},"1":{"start":{"line":4,"column":2},"end":{"line":9,"column":3}},"2":{"start":{"line":5,"column":17},"end":{"line":5,"column":50}},"3":{"start":{"line":6,"column":4},"end":{"line":6,"column":28}},"4":{"start":{"line":8,"column":4},"end":{"line":8,"column":14}},"5":{"start":{"line":13,"column":2},"end":{"line":13,"column":70}},"6":{"start":{"line":16,"column":0},"end":{"line":16,"column":45}}},"fnMap":{"0":{"name":"readEvents","decl":{"start":{"line":3,"column":9},"end":{"line":3,"column":19}},"loc":{"start":{"line":3,"column":30},"end":{"line":10,"column":1}},"line":3},"1":{"name":"writeEvents","decl":{"start":{"line":12,"column":9},"end":{"line":12,"column":20}},"loc":{"start":{"line":12,"column":39},"end":{"line":14,"column":1}},"line":12}},"branchMap":{},"s":{"0":1,"1":23,"2":23,"3":12,"4":11,"5":16,"6":1},"f":{"0":23,"1":16},"b":{},"_coverageSchema":"1a1c01bbd47fc00a2c39e90264f33305004495a9","hash":"b3de71fb6fb01201ec5605ed25cffa4dd39d5988"}
}
