TN:
SF:src\events.js
FN:3,isValidDate
FN:9,addEvent
FN:15,(anonymous_2)
FN:32,listEvents
FN:36,(anonymous_4)
FN:37,(anonymous_5)
FN:40,deleteEvent
FN:43,(anonymous_7)
FNF:8
FNH:8
FNDA:19,isValidDate
FNDA:17,addEvent
FNDA:6,(anonymous_2)
FNDA:5,listEvents
FNDA:6,(anonymous_4)
FNDA:4,(anonymous_5)
FNDA:5,deleteEvent
FNDA:4,(anonymous_7)
DA:1,1
DA:4,19
DA:5,17
DA:6,17
DA:10,17
DA:11,16
DA:12,15
DA:14,14
DA:15,14
DA:16,14
DA:18,13
DA:27,13
DA:28,13
DA:29,13
DA:33,5
DA:34,5
DA:35,5
DA:36,6
DA:37,4
DA:41,5
DA:42,4
DA:43,4
DA:44,4
DA:45,3
DA:46,3
DA:47,3
DA:50,1
LF:27
LH:27
BRDA:4,0,0,2
BRDA:4,0,1,17
BRDA:6,1,0,17
BRDA:6,1,1,17
BRDA:6,1,2,15
BRDA:10,2,0,1
BRDA:10,2,1,16
BRDA:10,3,0,17
BRDA:10,3,1,16
BRDA:11,4,0,1
BRDA:11,4,1,15
BRDA:11,5,0,16
BRDA:11,5,1,15
BRDA:12,6,0,1
BRDA:12,6,1,14
BRDA:16,7,0,1
BRDA:16,7,1,13
BRDA:23,8,0,1
BRDA:23,8,1,12
BRDA:41,9,0,1
BRDA:41,9,1,4
BRDA:41,10,0,5
BRDA:41,10,1,4
BRDA:44,11,0,1
BRDA:44,11,1,3
BRF:25
BRH:25
end_of_record
TN:
SF:src\storage.js
FN:3,readEvents
FN:12,writeEvents
FNF:2
FNH:2
FNDA:23,readEvents
FNDA:16,writeEvents
DA:1,1
DA:4,23
DA:5,23
DA:6,12
DA:8,11
DA:13,16
DA:16,1
LF:7
LH:7
BRF:0
BRH:0
end_of_record
